Case #1: [E, A]
Case #2: [R, I, R]
Case #3: [F, D, T]
Case #4: [Z, E, R, A]
Case #5: []
Case #6: [F, D, I, F, A, R, R, Q, D]
Case #7: [P, E, S, E, R]
Case #8: [A, A, F]
Case #9: [R, S, R, D, D, E, D, W, H]
Case #10: [E, F, F, U, E]
Case #11: [Q]
Case #12: [A, D, T, D]
Case #13: [A, A, E, S, A, F, O, O]
Case #14: [W]
Case #15: [A, Q, E, Q, R, R, E, A, X]
Case #16: [A, A, A, A, A, A, A, A, A, A]
Case #17: [W, E, S, D, E, D, I, A, E]
Case #18: [S, D, U, S, E, W, S, E, R]
Case #19: [E, A, D, A, E, Q, W, A, Y]
Case #20: [A, W, A, R, E, N, E, S, S]
Case #21: []
Case #22: [D, S, D, E, F, A, Q, B, D]
Case #23: [Z, Z, Z, Z, Z]
Case #24: []
Case #25: [S, Q, F, S, R]
Case #26: [F]
Case #27: [D, R, P, P, S]
Case #28: [S, F, E, Q, R, R, D, R, U]
Case #29: [E, E, A]
Case #30: [W, F, Z, Q, Z, E, A, W]
Case #31: [S, S, D, E, W, F, W, R, Z]
Case #32: [D, S, R, W, A, S, I, Q, E]
Case #33: [S, F]
Case #34: [A, D, R, F, A, A, M, D, S]
Case #35: [D, A, O, S]
Case #36: [S]
Case #37: [Z]
Case #38: [M]
Case #39: [E, R]
Case #40: [W, E]
Case #41: [E, D]
Case #42: [R, R, S, R, C, R, Q, F, Q]
Case #43: [D, Q, S, M, E, S, F, S, R]
Case #44: []
Case #45: [C, A]
Case #46: [A, A, F]
Case #47: [D, E, A, F, D, E, A, R, S]
Case #48: [R, Q, Q, M]
Case #49: [A, W, F, W, A, K, F, Q, D]
Case #50: [O, E, Q, S, R, R, S, W, F]
Case #51: [D, F, S, N, W, R, E, S, R]
Case #52: [D, E, X, D, E, Q, A, D, E]
Case #53: [A, D, E, R, W, A, V, V]
Case #54: [J]
Case #55: [N, S]
Case #56: [R]
Case #57: [N, Q, Q, N, S, E, F, D]
Case #58: [W, W]
Case #59: [E, R, R, S, N, Q]
Case #60: [Q, M, F, E, Q, S, Q, W, A]
Case #61: [W, R, D, A]
Case #62: [W, A]
Case #63: [S, D]
Case #64: [W, E, S, P, W, E, R, D, R]
Case #65: [D, A, D, A, X, E, W, R, A]
Case #66: [A, A, R, F, W, Q, N, D, Q]
Case #67: [F, E, I, A, F, A, Q, A, S]
Case #68: [A, A]
Case #69: [A, A, D, R, E, Q, B, D, D]
Case #70: [Q, W, U, R, S, A, F, W, S]
Case #71: []
Case #72: [W, T, Q, E, Q, F, R, A, F]
Case #73: [E, A, L, R, W, L, W, W]
Case #74: [E, Q, Q]
Case #75: [W, O, F, W, Q, W, S, S, R]
Case #76: [Q, Q, W, E, R, G, D, F, S]
Case #77: [Y, F, F, D, S, Q, R, S, R]
Case #78: [Q, S, X, X, E, D, D, A]
Case #79: [Q, W, Q, S, A]
Case #80: [Q, R, A, D, E, F, S, F, P]
Case #81: [R, A, H, H, E, S, R, A]
Case #82: []
Case #83: [R, F, C, A, A, R, F, W, Q]
Case #84: [A, D, H, R, F]
Case #85: [X]
Case #86: [Q, Q, A, S, W, C, Q, D, W]
Case #87: [Q, Q, D, E, Q, L, R, Q, S]
Case #88: [T, D, R, F, E, F, S, R, R]
Case #89: [Q, D, O, R, Q, F, E, R, F]
Case #90: [V, D, S, E, W, W, Q]
Case #91: [W, I, F, E, D, A, R, R, Q]
Case #92: [S, F, A, D, Q, F, S, A, H]
Case #93: [H, H, H, W, Q, H]
Case #94: [D, E, W, R, A, N, N, S]
Case #95: [Q, S, A, E, Y, W, F, S, E]
Case #96: [W, Q, Q, W, A, W, D, J, S]
Case #97: [S, L, F, E, A, W, R, F, R]
Case #98: [F, E, Q, Q, E, S, T, E, W]
Case #99: [R, Y, F, Y, A, R, Q, R]
Case #100: [Q, W, E, Q, T, E, S, A, A]
