Case #1: [E, A]
Case #2: [R, I, R]
Case #3: [F, D, T]
Case #4: [Z, E, R, A]
Case #5: []
Case #6: []
Case #7: [A, W, A, R, E, N, E, S, S]
Case #8: [R]
Case #9: [Q, X, D, H]
Case #10: [L, U, F, L]
Case #11: [T, H, E, C, A, K, E, I, S, A, L, I, E]
Case #12: []
Case #13: [J, O, L]
Case #14: [T, Q]
Case #15: [P, B]
Case #16: []
Case #17: []
Case #18: [V, F]
Case #19: [O, F]
Case #20: [K, M]
Case #21: [O, C, L, X]
Case #22: []
Case #23: [F, L, D]
Case #24: [E, X, U]
Case #25: [J, Z, I, P, C, I, R]
Case #26: [J]
Case #27: [S, K, W]
Case #28: [B]
Case #29: []
Case #30: []
Case #31: [J, E]
Case #32: [Q]
Case #33: [D]
Case #34: [N, G]
Case #35: [I, F, L, P]
Case #36: [A, A, A, A, A, A, A, A, A, A]
Case #37: [B, E, U, S, R, E, T, O, D, R, I, N, K, Y, O, U, R, O, V, A, L, T, I, N, E]
Case #38: [M, K, J, V]
Case #39: [N, B, O, P, O, K, N, L, Q]
Case #40: [E, D]
Case #41: []
Case #42: [A, R, A, J, R, D, Y, A, S]
Case #43: [Y, S]
Case #44: [A, W, P, P, L, I]
Case #45: [P]
Case #46: [N, E, G, H, B, P, D, V, P, U, H, B, X, S]
Case #47: []
Case #48: [Q, Q, W, E, R, G, D, F, S]
Case #49: []
Case #50: []
Case #51: [K, W, Y, P, X, W, K]
Case #52: []
Case #53: [P, I, L, I, J, N, P, I, X, U, J, X, L, M, M, P, N, X, J, L, I, N, C, Z, X, V, K, P, I, J, G, P, C, G, G, L, N, I, P, N, T, T, I, T, L, D]
Case #54: [E]
Case #55: [T, P, Y, C, P, P, O, M, N, M, V, L, C, N, T, C, N, X, O, J, H, O, O, C, V, J, G, P, H, N, H, N, M, O, B, P, V, K, N, O, X, Y, V, P, N, P, S]
Case #56: [A, L, F, A, E]
Case #57: [Y]
Case #58: [F]
Case #59: [F]
Case #60: [W]
Case #61: [C, L, U, S, K, U, Q]
Case #62: [J, T, V, Z, Y, N, L, H]
Case #63: [F, R, I, D, A, Y, F, R, I, D, A, Y, G, O, T, T, A, G, I, W, D, O, W, N, O, N, F, R, I, D, A, Y]
Case #64: [Z, Z, Z, Z, Z, Z, Z, Z, Z, Z, Z, Z, Z, Z, Z, Z, Z, Z, Z, Z, Z, Z, Z, Z, Z, Z, Z, Z, Z, Z, Z, Z, Z, Z, Z, Z, Z, Z, Z, Z, Z, Z, Z, Z, Z, Z]
Case #65: []
Case #66: [P, H, Q]
Case #67: [Z, G, Z, M, Z]
Case #68: [E, R]
Case #69: [Z, N]
Case #70: [D, R, P, P, S]
Case #71: [J, I]
Case #72: []
Case #73: [Q, S, B, V, Y, K]
Case #74: [K, Y]
Case #75: []
Case #76: [E, D]
Case #77: []
Case #78: [B, W, P, H, D, K, Q]
Case #79: [O, C, H, H, W, S, M, S, J, P]
Case #80: [D, E, A, F, D, E, A, R, S]
Case #81: [I]
Case #82: [K, Z, J, T, D]
Case #83: [U, Y, K, K, V, A]
Case #84: [H, W, M, W]
Case #85: [H]
Case #86: [W, G]
Case #87: [Z, Z, Z, Z, Z]
Case #88: [C]
Case #89: [L, T, T, Q]
Case #90: [I, M, C, N, T, C, U, G, P, T, L, X, D, X, R]
Case #91: [D]
Case #92: [R, R, G]
Case #93: [B, O, A, P]
Case #94: [O, W, V, N, N, G, X, P, H, G, D, O, J, N, X, C, B, J, I]
Case #95: [A]
Case #96: [Y, E, O, M, I, D, Z, A]
Case #97: [N, A, N, A, N, A, N, A, N, A, N, A, N, A, N, A, N, A, N, A, N, A, N, A, N, A, N, A, N, A, N, A, N, A, N, A, N, A, N, A, B, A, T, M, A, N]
Case #98: [F, C, L, L, P]
Case #99: [Z, Y, H, X, M, T, K, Q, Z, H, Y, H, B, G, Y, F]
Case #100: [W, H, I, C, H, S, E, A, T, S, H, O, U, L, D, I, T, A, A, A, A, A, A, A, A, A, A, A, A, A, A, A, A, A, A, A, A, A, A, A, A, A, A, A, A, A, A, A, A, A, A, A, A, A, A, A, A, A, A, A, A, A, K, A, E]
